A[0] = 0.0
A[1] = -5.0
A[3] = -8.5
A[4] = -32.4
A[5] = -23.6
A[6] = -32.0
A[7] = -28.4
A[8] = -38.0
A[9] = -8.0
A[10] = -23.2
A[11] = -8.8
A[13] = -6.0
A[14] = 1.6
A[16] = -16.4
A[19] = -17.6
A[21] = -3.2
A[22] = -24.8
A[23] = 0.4
A[24] = -4.4
A[27] = 8.8
A[28] = -34.4
A[31] = -28.8
A[32] = -22.0
A[33] = -22.0
A[34] = -0.8
A[35] = -28.8
A[38] = -18.8
A[39] = -35.2
A[40] = -37.2
A[41] = -34.4
A[42] = -8.4
A[44] = 3.2
A[45] = -19.2
A[46] = -6.0
A[47] = 1.2
A[48] = -6.8
A[50] = -22.0
A[51] = -2.4
A[52] = -21.6
A[54] = -14.4
A[56] = -16.0
A[58] = -39.6
A[59] = -10.8
A[65] = -0.4
A[66] = -32.0
A[68] = -15.6
A[69] = -22.8
A[71] = 8.8
A[72] = -29.2
A[73] = -5.2
A[75] = 2.8
A[77] = 6.0
A[78] = -36.4
A[79] = -29.2
A[80] = -27.6
A[82] = -3.6
A[86] = -30.0
A[87] = 5.6
A[88] = -9.6
A[89] = -35.2
A[92] = -33.6
A[93] = -37.6
A[94] = 2.8
A[95] = -14.4
A[98] = -34.8
A[99] = -38.8
