 ____________________________________________
|                                            |
|    ____________________________________    |_
|   |                                    |   |_)
|   |   8         4         2         1  |   |
|   |                                    |   |
|   |             o                      |   |
|   |                                    |   |
|   |                                    |   |
|   |         o                          |   |
|   |                                    |   |
|   |   32    16    8     4     2     1  |   |_
|   |____________________________________|   |_)
|                                            |
|____________________________________________|

 ____________________________________________
|                                            |
|    ____________________________________    |_
|   |                                    |   |_)
|   |   8         4         2         1  |   |
|   |                                    |   |
|   |             o         o         o  |   |
|   |                                    |   |
|   |                                    |   |
|   |         o     o     o     o     o  |   |
|   |                                    |   |
|   |   32    16    8     4     2     1  |   |_
|   |____________________________________|   |_)
|                                            |
|____________________________________________|

 ____________________________________________
|                                            |
|    ____________________________________    |_
|   |                                    |   |_)
|   |   8         4         2         1  |   |
|   |                                    |   |
|   |   o                                |   |
|   |                                    |   |
|   |                                    |   |
|   |   o                                |   |
|   |                                    |   |
|   |   32    16    8     4     2     1  |   |_
|   |____________________________________|   |_)
|                                            |
|____________________________________________|

 ____________________________________________
|                                            |
|    ____________________________________    |_
|   |                                    |   |_)
|   |   8         4         2         1  |   |
|   |                                    |   |
|   |                                    |   |
|   |                                    |   |
|   |                                    |   |
|   |                                    |   |
|   |                                    |   |
|   |   32    16    8     4     2     1  |   |_
|   |____________________________________|   |_)
|                                            |
|____________________________________________|

